<?xml version="1.0" encoding="UTF-8"?>
<!-- Generated by org.testng.reporters.JUnitXMLReporter -->
<testsuite ignored="8" hostname="Meena-Laptop" failures="0" tests="1" name="Default test" time="10.835" errors="0" timestamp="2024-10-25T19:30:54 CDT">
  <testcase classname="com.automation.tests.ContactsTests" name="TC33_Verify_LoggedInUser" time="8.564"/>
  <testcase classname="com.automation.tests.ContactsTests" name="TC25_CreateNewContact" time="0.0">
    <ignored/>
  </testcase> <!-- TC25_CreateNewContact -->
  <testcase classname="com.automation.tests.ContactsTests" name="TC32_SaveAndNew_NewContact" time="0.0">
    <ignored/>
  </testcase> <!-- TC32_SaveAndNew_NewContact -->
  <testcase classname="com.automation.tests.ContactsTests" name="TC30_Unsuccessful_CreateNewView" time="0.0">
    <ignored/>
  </testcase> <!-- TC30_Unsuccessful_CreateNewView -->
  <testcase classname="com.automation.tests.ContactsTests" name="TC28_MyContactsView" time="0.0">
    <ignored/>
  </testcase> <!-- TC28_MyContactsView -->
  <testcase classname="com.automation.tests.ContactsTests" name="TC31_Cancel_CreateNewView" time="0.0">
    <ignored/>
  </testcase> <!-- TC31_Cancel_CreateNewView -->
  <testcase classname="com.automation.tests.ContactsTests" name="TC27_CheckRecentlyCreatedContact" time="0.0">
    <ignored/>
  </testcase> <!-- TC27_CheckRecentlyCreatedContact -->
  <testcase classname="com.automation.tests.ContactsTests" name="TC26_Contacts_CreateNewView" time="0.0">
    <ignored/>
  </testcase> <!-- TC26_Contacts_CreateNewView -->
  <testcase classname="com.automation.tests.ContactsTests" name="TC29_ViewAContact" time="0.0">
    <ignored/>
  </testcase> <!-- TC29_ViewAContact -->
</testsuite> <!-- Default test -->
