<?xml version="1.0" encoding="UTF-8"?>
<!-- Generated by org.testng.reporters.JUnitXMLReporter -->
<testsuite ignored="0" hostname="Meena-Laptop" failures="0" tests="3" name="SalesForceLoginTest" time="15.468" errors="0" timestamp="2024-10-16T10:23:32 CDT">
  <testcase classname="com.automation.tests.LoginTests" name="TC1SalesforceLogin_BlankPwd" time="1.789"/>
  <testcase classname="com.automation.tests.LoginTests" name="TC2SalesforceLoginValid" time="6.02"/>
  <testcase classname="com.automation.tests.LoginTests" name="TC4A_ForgotPassword" time="1.116"/>
</testsuite> <!-- SalesForceLoginTest -->
