<?xml version="1.0" encoding="UTF-8"?>
<testng-results ignored="8" total="9" passed="1" failed="0" skipped="0">
  <reporter-output>
  </reporter-output>
  <suite started-at="2024-10-25T19:30:43 CDT" name="Default suite" finished-at="2024-10-25T19:30:54 CDT" duration-ms="10835">
    <groups>
    </groups>
    <test started-at="2024-10-25T19:30:43 CDT" name="Default test" finished-at="2024-10-25T19:30:54 CDT" duration-ms="10835">
      <class name="com.automation.tests.ContactsTests">
        <test-method is-config="true" signature="setUp()[pri:0, instance:com.automation.tests.ContactsTests@7caa550]" started-at="2024-10-25T19:30:43 CDT" name="setUp" finished-at="2024-10-25T19:30:43 CDT" duration-ms="6" status="PASS">
          <reporter-output>
          </reporter-output>
        </test-method> <!-- setUp -->
        <test-method is-config="true" signature="setUpBeforeMethod(java.lang.String)[pri:0, instance:com.automation.tests.ContactsTests@7caa550]" started-at="2024-10-25T19:30:43 CDT" name="setUpBeforeMethod" finished-at="2024-10-25T19:30:45 CDT" duration-ms="1969" status="PASS">
          <params>
            <param index="0">
              <value>
                <![CDATA[chrome]]>
              </value>
            </param>
          </params>
          <reporter-output>
          </reporter-output>
        </test-method> <!-- setUpBeforeMethod -->
        <test-method signature="TC33_Verify_LoggedInUser()[pri:0, instance:com.automation.tests.ContactsTests@7caa550]" started-at="2024-10-25T19:30:45 CDT" name="TC33_Verify_LoggedInUser" finished-at="2024-10-25T19:30:54 CDT" duration-ms="8564" status="PASS">
          <reporter-output>
          </reporter-output>
        </test-method> <!-- TC33_Verify_LoggedInUser -->
        <test-method is-config="true" signature="tearDownAfterMethod()[pri:0, instance:com.automation.tests.ContactsTests@7caa550]" started-at="2024-10-25T19:30:54 CDT" name="tearDownAfterMethod" finished-at="2024-10-25T19:30:54 CDT" duration-ms="116" status="PASS">
          <reporter-output>
          </reporter-output>
        </test-method> <!-- tearDownAfterMethod -->
      </class> <!-- com.automation.tests.ContactsTests -->
    </test> <!-- Default test -->
  </suite> <!-- Default suite -->
</testng-results>
